2017-04-07 19:23:43 INFO  Request:19 - Create request
2017-04-07 19:23:43 INFO  Request:22 - Get request properties
2017-04-07 19:23:49 INFO  Request:45 - Get expected content as XML file
2017-04-07 19:23:49 INFO  XMLParser:32 - Prepare for parsing XML file
2017-04-07 19:23:49 INFO  XMLParser:36 - Parsing...
2017-04-07 19:23:52 INFO  XMLParser:40 - Parsing complete
2017-04-07 19:23:52 INFO  XMLParser:41 - Return unsorted expected content
2017-04-07 19:23:52 INFO  XMLParser:46 - Sorting expected content
2017-04-07 19:23:52 INFO  XMLParser:56 - Return sorted content
2017-04-07 19:23:52 INFO  Testing:59 - Setting android capabilities
2017-04-07 19:23:52 INFO  Testing:41 - Setting system properties
2017-04-07 19:23:52 INFO  Testing:96 - Start testing on Android - Chrome
2017-04-07 19:24:23 INFO  BrowserSearch:24 - Opening browser
2017-04-07 19:24:38 INFO  Testing:77 - Start testing on Chrome
2017-04-07 19:25:10 INFO  BrowserSearch:24 - Opening browser
2017-04-07 19:25:27 INFO  Request:19 - Create request
2017-04-07 19:25:27 INFO  Request:22 - Get request properties
2017-04-07 19:25:27 INFO  Request:45 - Get expected content as XML file
2017-04-07 19:25:28 INFO  XMLParser:32 - Prepare for parsing XML file
2017-04-07 19:25:28 INFO  XMLParser:36 - Parsing...
2017-04-07 19:25:28 INFO  XMLParser:40 - Parsing complete
2017-04-07 19:25:28 INFO  XMLParser:41 - Return unsorted expected content
2017-04-07 19:25:28 INFO  XMLParser:46 - Sorting expected content
2017-04-07 19:25:28 INFO  XMLParser:56 - Return sorted content
2017-04-07 19:25:28 INFO  Testing:59 - Setting android capabilities
2017-04-07 19:25:28 INFO  Testing:41 - Setting system properties
2017-04-07 19:25:28 INFO  Testing:96 - Start testing on Android - Chrome
2017-04-07 19:25:29 INFO  Testing:77 - Start testing on Chrome
2017-04-07 19:25:32 INFO  BrowserSearch:24 - Opening browser
2017-04-07 19:26:50 INFO  Testing:85 - Start testing on Firefox
2017-04-07 19:27:10 INFO  Request:19 - Create request
2017-04-07 19:27:10 INFO  Request:22 - Get request properties
2017-04-07 19:27:10 INFO  Request:45 - Get expected content as XML file
2017-04-07 19:27:10 INFO  XMLParser:32 - Prepare for parsing XML file
2017-04-07 19:27:10 INFO  XMLParser:36 - Parsing...
2017-04-07 19:27:11 INFO  XMLParser:40 - Parsing complete
2017-04-07 19:27:11 INFO  XMLParser:41 - Return unsorted expected content
2017-04-07 19:27:11 INFO  XMLParser:46 - Sorting expected content
2017-04-07 19:27:11 INFO  XMLParser:56 - Return sorted content
2017-04-07 19:27:11 INFO  Testing:59 - Setting android capabilities
2017-04-07 19:27:11 INFO  Testing:41 - Setting system properties
2017-04-07 19:27:11 INFO  Testing:96 - Start testing on Android - Chrome
2017-04-07 19:27:22 INFO  BrowserSearch:24 - Opening browser
2017-04-07 19:27:37 INFO  BrowserSearch:38 - Getting actual content
2017-04-07 19:28:26 INFO  BrowserSearch:41 - Closing browser
2017-04-07 19:28:28 INFO  BrowserSearch:103 - Start checking actual content with expected content
2017-04-07 19:28:28 INFO  BrowserSearch:113 - Complete checking actual content with expected content
2017-04-07 19:28:28 INFO  BrowserSearch:114 - Return test results
2017-04-07 19:28:28 INFO  Testing:77 - Start testing on Chrome
2017-04-07 19:28:30 INFO  BrowserSearch:24 - Opening browser
2017-04-07 19:29:07 INFO  BrowserSearch:38 - Getting actual content
2017-04-07 19:29:18 INFO  BrowserSearch:41 - Closing browser
2017-04-07 19:29:23 INFO  BrowserSearch:103 - Start checking actual content with expected content
2017-04-07 19:29:23 INFO  BrowserSearch:113 - Complete checking actual content with expected content
2017-04-07 19:29:23 INFO  BrowserSearch:114 - Return test results
2017-04-07 19:29:23 INFO  Testing:85 - Start testing on Firefox
2017-04-07 19:29:47 INFO  BrowserSearch:24 - Opening browser
2017-04-07 19:31:17 INFO  BrowserSearch:38 - Getting actual content
2017-04-07 19:31:24 INFO  BrowserSearch:41 - Closing browser
2017-04-07 19:31:27 INFO  BrowserSearch:103 - Start checking actual content with expected content
2017-04-07 19:31:27 INFO  BrowserSearch:113 - Complete checking actual content with expected content
2017-04-07 19:31:27 INFO  BrowserSearch:114 - Return test results
2017-04-07 19:31:27 INFO  Testing:69 - Start testing on IE
2017-04-07 19:32:16 INFO  BrowserSearch:24 - Opening browser
2017-04-07 19:32:32 INFO  BrowserSearch:38 - Getting actual content
2017-04-07 19:33:08 INFO  BrowserSearch:41 - Closing browser
2017-04-07 19:33:10 INFO  BrowserSearch:103 - Start checking actual content with expected content
2017-04-07 19:33:10 INFO  BrowserSearch:113 - Complete checking actual content with expected content
2017-04-07 19:33:10 INFO  BrowserSearch:114 - Return test results
2017-04-07 21:26:16 INFO  Request:19 - Create request
2017-04-07 21:26:16 INFO  Request:22 - Get request properties
2017-04-07 21:26:19 INFO  Request:45 - Get expected content as XML file
2017-04-07 21:26:19 INFO  XMLParser:32 - Prepare for parsing XML file
2017-04-07 21:26:19 INFO  XMLParser:36 - Parsing...
2017-04-07 21:26:19 INFO  XMLParser:40 - Parsing complete
2017-04-07 21:26:19 INFO  XMLParser:41 - Return unsorted expected content
2017-04-07 21:26:19 INFO  XMLParser:46 - Sorting expected content
2017-04-07 21:26:19 INFO  XMLParser:56 - Return sorted content
2017-04-07 21:26:19 INFO  Testing:59 - Setting android capabilities
2017-04-07 21:26:19 INFO  Testing:41 - Setting system properties
2017-04-07 21:26:19 INFO  Testing:96 - Start testing on Android - Chrome
2017-04-07 21:26:22 INFO  Testing:77 - Start testing on Chrome
2017-04-07 21:27:08 INFO  BrowserSearch:24 - Opening browser
2017-04-07 21:32:13 INFO  Testing:85 - Start testing on Firefox
2017-04-07 21:33:37 INFO  Testing:69 - Start testing on IE
2017-04-07 21:34:15 INFO  BrowserSearch:24 - Opening browser
2017-04-07 21:34:44 INFO  BrowserSearch:38 - Getting actual content
2017-04-07 21:35:48 INFO  BrowserSearch:41 - Closing browser
2017-04-07 21:35:51 INFO  BrowserSearch:103 - Start checking actual content with expected content
2017-04-07 21:35:51 INFO  BrowserSearch:113 - Complete checking actual content with expected content
2017-04-07 21:35:51 INFO  BrowserSearch:114 - Return test results
2017-04-07 21:36:11 INFO  Request:19 - Create request
2017-04-07 21:36:11 INFO  Request:22 - Get request properties
2017-04-07 21:36:18 INFO  Request:45 - Get expected content as XML file
2017-04-07 21:36:18 INFO  XMLParser:32 - Prepare for parsing XML file
2017-04-07 21:36:18 INFO  XMLParser:36 - Parsing...
2017-04-07 21:36:18 INFO  XMLParser:40 - Parsing complete
2017-04-07 21:36:18 INFO  XMLParser:41 - Return unsorted expected content
2017-04-07 21:36:18 INFO  XMLParser:46 - Sorting expected content
2017-04-07 21:36:18 INFO  XMLParser:56 - Return sorted content
2017-04-07 21:36:18 INFO  Testing:59 - Setting android capabilities
2017-04-07 21:36:18 INFO  Testing:41 - Setting system properties
2017-04-07 21:36:18 INFO  Testing:96 - Start testing on Android - Chrome
2017-04-07 21:36:43 INFO  BrowserSearch:24 - Opening browser
2017-04-07 21:37:07 INFO  Request:19 - Create request
2017-04-07 21:37:07 INFO  Request:22 - Get request properties
2017-04-07 21:37:08 INFO  Request:45 - Get expected content as XML file
2017-04-07 21:37:08 INFO  XMLParser:32 - Prepare for parsing XML file
2017-04-07 21:37:08 INFO  XMLParser:36 - Parsing...
2017-04-07 21:37:08 INFO  XMLParser:40 - Parsing complete
2017-04-07 21:37:08 INFO  XMLParser:41 - Return unsorted expected content
2017-04-07 21:37:08 INFO  XMLParser:46 - Sorting expected content
2017-04-07 21:37:08 INFO  XMLParser:56 - Return sorted content
2017-04-07 21:37:08 INFO  Testing:59 - Setting android capabilities
2017-04-07 21:37:08 INFO  Testing:41 - Setting system properties
2017-04-07 21:37:08 INFO  Testing:96 - Start testing on Android - Chrome
2017-04-07 21:38:03 INFO  Request:19 - Create request
2017-04-07 21:38:03 INFO  Request:22 - Get request properties
2017-04-07 21:38:03 INFO  Request:45 - Get expected content as XML file
2017-04-07 21:38:03 INFO  XMLParser:32 - Prepare for parsing XML file
2017-04-07 21:38:03 INFO  XMLParser:36 - Parsing...
2017-04-07 21:38:04 INFO  XMLParser:40 - Parsing complete
2017-04-07 21:38:04 INFO  XMLParser:41 - Return unsorted expected content
2017-04-07 21:38:04 INFO  XMLParser:46 - Sorting expected content
2017-04-07 21:38:04 INFO  XMLParser:56 - Return sorted content
2017-04-07 21:38:04 INFO  Testing:59 - Setting android capabilities
2017-04-07 21:38:04 INFO  Testing:41 - Setting system properties
2017-04-07 21:38:04 INFO  Testing:85 - Start testing on Firefox
2017-04-07 21:40:12 INFO  Request:19 - Create request
2017-04-07 21:40:12 INFO  Request:22 - Get request properties
2017-04-07 21:40:12 INFO  Request:45 - Get expected content as XML file
2017-04-07 21:40:12 INFO  XMLParser:32 - Prepare for parsing XML file
2017-04-07 21:40:12 INFO  XMLParser:36 - Parsing...
2017-04-07 21:40:12 INFO  XMLParser:40 - Parsing complete
2017-04-07 21:40:12 INFO  XMLParser:41 - Return unsorted expected content
2017-04-07 21:40:12 INFO  XMLParser:46 - Sorting expected content
2017-04-07 21:40:12 INFO  XMLParser:56 - Return sorted content
2017-04-07 21:40:12 INFO  Testing:59 - Setting android capabilities
2017-04-07 21:40:12 INFO  Testing:41 - Setting system properties
2017-04-07 21:40:12 INFO  Testing:96 - Start testing on Android - Chrome
2017-04-07 21:40:26 INFO  BrowserSearch:24 - Opening browser
2017-04-07 21:40:44 INFO  BrowserSearch:38 - Getting actual content
2017-04-07 21:41:33 INFO  BrowserSearch:41 - Closing browser
2017-04-07 21:41:35 INFO  BrowserSearch:103 - Start checking actual content with expected content
2017-04-07 21:41:35 INFO  BrowserSearch:113 - Complete checking actual content with expected content
2017-04-07 21:41:35 INFO  BrowserSearch:114 - Return test results
2017-04-07 21:41:48 INFO  Request:19 - Create request
2017-04-07 21:41:48 INFO  Request:22 - Get request properties
2017-04-07 21:41:49 INFO  Request:45 - Get expected content as XML file
2017-04-07 21:41:49 INFO  XMLParser:32 - Prepare for parsing XML file
2017-04-07 21:41:49 INFO  XMLParser:36 - Parsing...
2017-04-07 21:41:49 INFO  XMLParser:40 - Parsing complete
2017-04-07 21:41:49 INFO  XMLParser:41 - Return unsorted expected content
2017-04-07 21:41:49 INFO  XMLParser:46 - Sorting expected content
2017-04-07 21:41:49 INFO  XMLParser:56 - Return sorted content
2017-04-07 21:41:49 INFO  Testing:59 - Setting android capabilities
2017-04-07 21:41:49 INFO  Testing:41 - Setting system properties
2017-04-07 21:41:49 INFO  Testing:85 - Start testing on Firefox
2017-04-07 21:43:05 INFO  Request:19 - Create request
2017-04-07 21:43:05 INFO  Request:22 - Get request properties
2017-04-07 21:43:06 INFO  Request:45 - Get expected content as XML file
2017-04-07 21:43:06 INFO  XMLParser:32 - Prepare for parsing XML file
2017-04-07 21:43:06 INFO  XMLParser:36 - Parsing...
2017-04-07 21:43:06 INFO  XMLParser:40 - Parsing complete
2017-04-07 21:43:06 INFO  XMLParser:41 - Return unsorted expected content
2017-04-07 21:43:06 INFO  XMLParser:46 - Sorting expected content
2017-04-07 21:43:06 INFO  XMLParser:56 - Return sorted content
2017-04-07 21:43:06 INFO  Testing:59 - Setting android capabilities
2017-04-07 21:43:06 INFO  Testing:41 - Setting system properties
2017-04-07 21:43:06 INFO  Testing:77 - Start testing on Chrome
2017-04-07 21:43:11 INFO  BrowserSearch:24 - Opening browser
2017-04-07 21:45:03 INFO  Request:19 - Create request
2017-04-07 21:45:03 INFO  Request:22 - Get request properties
2017-04-07 21:45:03 INFO  Request:45 - Get expected content as XML file
2017-04-07 21:45:03 INFO  XMLParser:32 - Prepare for parsing XML file
2017-04-07 21:45:03 INFO  XMLParser:36 - Parsing...
2017-04-07 21:45:04 INFO  XMLParser:40 - Parsing complete
2017-04-07 21:45:04 INFO  XMLParser:41 - Return unsorted expected content
2017-04-07 21:45:04 INFO  XMLParser:46 - Sorting expected content
2017-04-07 21:45:04 INFO  XMLParser:56 - Return sorted content
2017-04-07 21:45:04 INFO  Testing:59 - Setting android capabilities
2017-04-07 21:45:04 INFO  Testing:41 - Setting system properties
2017-04-07 21:45:04 INFO  Testing:77 - Start testing on Chrome
2017-04-07 21:45:06 INFO  BrowserSearch:24 - Opening browser
2017-04-07 21:49:21 INFO  BrowserSearch:38 - Getting actual content
2017-04-07 21:49:33 INFO  BrowserSearch:41 - Closing browser
2017-04-07 21:49:36 INFO  BrowserSearch:103 - Start checking actual content with expected content
2017-04-07 21:49:36 INFO  BrowserSearch:113 - Complete checking actual content with expected content
2017-04-07 21:49:36 INFO  BrowserSearch:114 - Return test results
2017-04-07 21:52:16 INFO  Request:19 - Create request
2017-04-07 21:52:16 INFO  Request:22 - Get request properties
2017-04-07 21:52:17 INFO  Request:45 - Get expected content as XML file
2017-04-07 21:52:17 INFO  XMLParser:32 - Prepare for parsing XML file
2017-04-07 21:52:17 INFO  XMLParser:36 - Parsing...
2017-04-07 21:52:17 INFO  XMLParser:40 - Parsing complete
2017-04-07 21:52:17 INFO  XMLParser:41 - Return unsorted expected content
2017-04-07 21:52:17 INFO  XMLParser:46 - Sorting expected content
2017-04-07 21:52:17 INFO  XMLParser:56 - Return sorted content
2017-04-07 21:52:17 INFO  Testing:59 - Setting android capabilities
2017-04-07 21:52:17 INFO  Testing:41 - Setting system properties
2017-04-07 21:52:17 INFO  Testing:85 - Start testing on Firefox
2017-04-07 21:53:51 INFO  Request:19 - Create request
2017-04-07 21:53:51 INFO  Request:22 - Get request properties
2017-04-07 21:53:51 INFO  Request:45 - Get expected content as XML file
2017-04-07 21:53:51 INFO  XMLParser:32 - Prepare for parsing XML file
2017-04-07 21:53:51 INFO  XMLParser:36 - Parsing...
2017-04-07 21:53:51 INFO  XMLParser:40 - Parsing complete
2017-04-07 21:53:51 INFO  XMLParser:41 - Return unsorted expected content
2017-04-07 21:53:51 INFO  XMLParser:46 - Sorting expected content
2017-04-07 21:53:51 INFO  XMLParser:56 - Return sorted content
2017-04-07 21:53:51 INFO  Testing:59 - Setting android capabilities
2017-04-07 21:53:51 INFO  Testing:41 - Setting system properties
2017-04-07 21:53:51 INFO  Testing:77 - Start testing on Chrome
2017-04-07 22:03:20 INFO  Request:19 - Create request
2017-04-07 22:03:20 INFO  Request:22 - Get request properties
2017-04-07 22:03:20 INFO  Request:45 - Get expected content as XML file
2017-04-07 22:03:20 INFO  XMLParser:32 - Prepare for parsing XML file
2017-04-07 22:03:20 INFO  XMLParser:36 - Parsing...
2017-04-07 22:03:21 INFO  XMLParser:40 - Parsing complete
2017-04-07 22:03:21 INFO  XMLParser:41 - Return unsorted expected content
2017-04-07 22:03:21 INFO  XMLParser:46 - Sorting expected content
2017-04-07 22:03:21 INFO  XMLParser:56 - Return sorted content
2017-04-07 22:03:21 INFO  Testing:59 - Setting android capabilities
2017-04-07 22:03:21 INFO  Testing:41 - Setting system properties
2017-04-07 22:03:21 INFO  Testing:77 - Start testing on Chrome
2017-04-07 22:17:54 INFO  Request:19 - Create request
2017-04-07 22:17:54 INFO  Request:22 - Get request properties
2017-04-07 22:17:56 INFO  Request:45 - Get expected content as XML file
2017-04-07 22:17:56 INFO  XMLParser:32 - Prepare for parsing XML file
2017-04-07 22:17:56 INFO  XMLParser:36 - Parsing...
2017-04-07 22:17:57 INFO  XMLParser:40 - Parsing complete
2017-04-07 22:17:57 INFO  XMLParser:41 - Return unsorted expected content
2017-04-07 22:17:57 INFO  XMLParser:46 - Sorting expected content
2017-04-07 22:17:57 INFO  XMLParser:56 - Return sorted content
2017-04-07 22:17:57 INFO  Testing:59 - Setting android capabilities
2017-04-07 22:17:57 INFO  Testing:41 - Setting system properties
2017-04-07 22:17:57 INFO  Testing:77 - Start testing on Chrome
2017-04-07 22:18:28 INFO  BrowserSearch:24 - Opening browser
2017-04-07 22:18:49 INFO  BrowserSearch:38 - Getting actual content
2017-04-07 22:19:00 INFO  BrowserSearch:41 - Closing browser
2017-04-07 22:19:13 INFO  BrowserSearch:103 - Start checking actual content with expected content
2017-04-07 22:19:13 INFO  BrowserSearch:113 - Complete checking actual content with expected content
2017-04-07 22:19:13 INFO  BrowserSearch:114 - Return test results
2017-04-07 22:19:33 INFO  Request:19 - Create request
2017-04-07 22:19:33 INFO  Request:22 - Get request properties
2017-04-07 22:19:33 INFO  Request:45 - Get expected content as XML file
2017-04-07 22:19:33 INFO  XMLParser:32 - Prepare for parsing XML file
2017-04-07 22:19:33 INFO  XMLParser:36 - Parsing...
2017-04-07 22:19:33 INFO  XMLParser:40 - Parsing complete
2017-04-07 22:19:33 INFO  XMLParser:41 - Return unsorted expected content
2017-04-07 22:19:33 INFO  XMLParser:46 - Sorting expected content
2017-04-07 22:19:33 INFO  XMLParser:56 - Return sorted content
2017-04-07 22:19:33 INFO  Testing:59 - Setting android capabilities
2017-04-07 22:19:33 INFO  Testing:41 - Setting system properties
2017-04-07 22:19:33 INFO  Testing:85 - Start testing on Firefox
2017-04-07 22:20:00 INFO  BrowserSearch:24 - Opening browser
2017-04-07 22:21:06 INFO  BrowserSearch:38 - Getting actual content
2017-04-07 22:21:14 INFO  BrowserSearch:41 - Closing browser
2017-04-07 22:21:29 INFO  BrowserSearch:103 - Start checking actual content with expected content
2017-04-07 22:21:29 INFO  BrowserSearch:113 - Complete checking actual content with expected content
2017-04-07 22:21:29 INFO  BrowserSearch:114 - Return test results
2017-04-07 22:22:41 INFO  Request:19 - Create request
2017-04-07 22:22:41 INFO  Request:22 - Get request properties
2017-04-07 22:22:42 INFO  Request:45 - Get expected content as XML file
2017-04-07 22:22:42 INFO  XMLParser:32 - Prepare for parsing XML file
2017-04-07 22:22:42 INFO  XMLParser:36 - Parsing...
2017-04-07 22:22:43 INFO  XMLParser:40 - Parsing complete
2017-04-07 22:22:43 INFO  XMLParser:41 - Return unsorted expected content
2017-04-07 22:22:43 INFO  XMLParser:46 - Sorting expected content
2017-04-07 22:22:43 INFO  XMLParser:56 - Return sorted content
2017-04-07 22:22:43 INFO  Testing:59 - Setting android capabilities
2017-04-07 22:22:43 INFO  Testing:41 - Setting system properties
2017-04-07 22:22:43 INFO  Testing:85 - Start testing on Firefox
2017-04-07 22:26:24 INFO  Request:19 - Create request
2017-04-07 22:26:24 INFO  Request:22 - Get request properties
2017-04-07 22:26:24 INFO  Request:45 - Get expected content as XML file
2017-04-07 22:26:24 INFO  XMLParser:32 - Prepare for parsing XML file
2017-04-07 22:26:24 INFO  XMLParser:36 - Parsing...
2017-04-07 22:26:25 INFO  XMLParser:40 - Parsing complete
2017-04-07 22:26:25 INFO  XMLParser:41 - Return unsorted expected content
2017-04-07 22:26:25 INFO  XMLParser:46 - Sorting expected content
2017-04-07 22:26:25 INFO  XMLParser:56 - Return sorted content
2017-04-07 22:26:25 INFO  Testing:59 - Setting android capabilities
2017-04-07 22:26:25 INFO  Testing:41 - Setting system properties
2017-04-07 22:26:25 INFO  Testing:85 - Start testing on Firefox
2017-04-07 22:26:36 INFO  BrowserSearch:24 - Opening browser
2017-04-07 22:27:44 INFO  BrowserSearch:38 - Getting actual content
2017-04-07 22:27:51 INFO  BrowserSearch:41 - Closing browser
2017-04-07 22:27:54 INFO  BrowserSearch:103 - Start checking actual content with expected content
2017-04-07 22:27:54 INFO  BrowserSearch:113 - Complete checking actual content with expected content
2017-04-07 22:27:54 INFO  BrowserSearch:114 - Return test results
2017-04-07 22:30:48 INFO  Request:19 - Create request
2017-04-07 22:30:48 INFO  Request:22 - Get request properties
2017-04-07 22:30:48 INFO  Request:45 - Get expected content as XML file
2017-04-07 22:30:48 INFO  XMLParser:32 - Prepare for parsing XML file
2017-04-07 22:30:48 INFO  XMLParser:36 - Parsing...
2017-04-07 22:30:48 INFO  XMLParser:40 - Parsing complete
2017-04-07 22:30:48 INFO  XMLParser:41 - Return unsorted expected content
2017-04-07 22:30:48 INFO  XMLParser:46 - Sorting expected content
2017-04-07 22:30:48 INFO  XMLParser:56 - Return sorted content
2017-04-07 22:30:48 INFO  Testing:59 - Setting android capabilities
2017-04-07 22:30:48 INFO  Testing:41 - Setting system properties
2017-04-07 22:30:48 INFO  Testing:85 - Start testing on Firefox
2017-04-07 22:30:57 INFO  BrowserSearch:24 - Opening browser
2017-04-07 22:31:05 INFO  BrowserSearch:38 - Getting actual content
2017-04-07 22:31:12 INFO  BrowserSearch:41 - Closing browser
2017-04-07 22:31:17 INFO  BrowserSearch:103 - Start checking actual content with expected content
2017-04-07 22:31:17 INFO  BrowserSearch:113 - Complete checking actual content with expected content
2017-04-07 22:31:17 INFO  BrowserSearch:114 - Return test results
2017-04-07 22:31:38 INFO  Request:19 - Create request
2017-04-07 22:31:38 INFO  Request:22 - Get request properties
2017-04-07 22:31:38 INFO  Request:45 - Get expected content as XML file
2017-04-07 22:31:38 INFO  XMLParser:32 - Prepare for parsing XML file
2017-04-07 22:31:38 INFO  XMLParser:36 - Parsing...
2017-04-07 22:31:38 INFO  XMLParser:40 - Parsing complete
2017-04-07 22:31:38 INFO  XMLParser:41 - Return unsorted expected content
2017-04-07 22:31:38 INFO  XMLParser:46 - Sorting expected content
2017-04-07 22:31:38 INFO  XMLParser:56 - Return sorted content
2017-04-07 22:31:38 INFO  Testing:59 - Setting android capabilities
2017-04-07 22:31:38 INFO  Testing:41 - Setting system properties
2017-04-07 22:31:38 INFO  Testing:96 - Start testing on Android - Chrome
2017-04-07 22:32:47 INFO  Request:19 - Create request
2017-04-07 22:32:47 INFO  Request:22 - Get request properties
2017-04-07 22:32:48 INFO  Request:45 - Get expected content as XML file
2017-04-07 22:32:48 INFO  XMLParser:32 - Prepare for parsing XML file
2017-04-07 22:32:48 INFO  XMLParser:36 - Parsing...
2017-04-07 22:32:48 INFO  XMLParser:40 - Parsing complete
2017-04-07 22:32:48 INFO  XMLParser:41 - Return unsorted expected content
2017-04-07 22:32:48 INFO  XMLParser:46 - Sorting expected content
2017-04-07 22:32:48 INFO  XMLParser:56 - Return sorted content
2017-04-07 22:32:48 INFO  Testing:59 - Setting android capabilities
2017-04-07 22:32:48 INFO  Testing:41 - Setting system properties
2017-04-07 22:32:48 INFO  Testing:96 - Start testing on Android - Chrome
2017-04-07 22:34:07 INFO  Request:19 - Create request
2017-04-07 22:34:07 INFO  Request:22 - Get request properties
2017-04-07 22:34:07 INFO  Request:45 - Get expected content as XML file
2017-04-07 22:34:07 INFO  XMLParser:32 - Prepare for parsing XML file
2017-04-07 22:34:07 INFO  XMLParser:36 - Parsing...
2017-04-07 22:34:08 INFO  XMLParser:40 - Parsing complete
2017-04-07 22:34:08 INFO  XMLParser:41 - Return unsorted expected content
2017-04-07 22:34:08 INFO  XMLParser:46 - Sorting expected content
2017-04-07 22:34:08 INFO  XMLParser:56 - Return sorted content
2017-04-07 22:34:08 INFO  Testing:59 - Setting android capabilities
2017-04-07 22:34:08 INFO  Testing:41 - Setting system properties
2017-04-07 22:34:08 INFO  Testing:96 - Start testing on Android - Chrome
2017-04-07 22:35:25 INFO  Request:19 - Create request
2017-04-07 22:35:25 INFO  Request:22 - Get request properties
2017-04-07 22:35:26 INFO  Request:45 - Get expected content as XML file
2017-04-07 22:35:26 INFO  XMLParser:32 - Prepare for parsing XML file
2017-04-07 22:35:26 INFO  XMLParser:36 - Parsing...
2017-04-07 22:35:26 INFO  XMLParser:40 - Parsing complete
2017-04-07 22:35:26 INFO  XMLParser:41 - Return unsorted expected content
2017-04-07 22:35:26 INFO  XMLParser:46 - Sorting expected content
2017-04-07 22:35:26 INFO  XMLParser:56 - Return sorted content
2017-04-07 22:35:26 INFO  Testing:59 - Setting android capabilities
2017-04-07 22:35:26 INFO  Testing:41 - Setting system properties
2017-04-07 22:35:26 INFO  Testing:96 - Start testing on Android - Chrome
2017-04-07 22:36:36 INFO  Request:19 - Create request
2017-04-07 22:36:36 INFO  Request:22 - Get request properties
2017-04-07 22:36:36 INFO  Request:45 - Get expected content as XML file
2017-04-07 22:36:36 INFO  XMLParser:32 - Prepare for parsing XML file
2017-04-07 22:36:36 INFO  XMLParser:36 - Parsing...
2017-04-07 22:36:36 INFO  XMLParser:40 - Parsing complete
2017-04-07 22:36:36 INFO  XMLParser:41 - Return unsorted expected content
2017-04-07 22:36:36 INFO  XMLParser:46 - Sorting expected content
2017-04-07 22:36:36 INFO  XMLParser:56 - Return sorted content
2017-04-07 22:36:36 INFO  Testing:59 - Setting android capabilities
2017-04-07 22:36:36 INFO  Testing:41 - Setting system properties
2017-04-07 22:36:36 INFO  Testing:96 - Start testing on Android - Chrome
2017-04-07 22:36:58 INFO  Request:19 - Create request
2017-04-07 22:36:58 INFO  Request:22 - Get request properties
2017-04-07 22:36:58 INFO  Request:45 - Get expected content as XML file
2017-04-07 22:36:58 INFO  XMLParser:32 - Prepare for parsing XML file
2017-04-07 22:36:58 INFO  XMLParser:36 - Parsing...
2017-04-07 22:36:58 INFO  XMLParser:40 - Parsing complete
2017-04-07 22:36:58 INFO  XMLParser:41 - Return unsorted expected content
2017-04-07 22:36:58 INFO  XMLParser:46 - Sorting expected content
2017-04-07 22:36:58 INFO  XMLParser:56 - Return sorted content
2017-04-07 22:36:58 INFO  Testing:59 - Setting android capabilities
2017-04-07 22:36:58 INFO  Testing:41 - Setting system properties
2017-04-07 22:36:58 INFO  Testing:96 - Start testing on Android - Chrome
2017-04-07 22:37:14 INFO  Request:19 - Create request
2017-04-07 22:37:14 INFO  Request:22 - Get request properties
2017-04-07 22:37:14 INFO  Request:45 - Get expected content as XML file
2017-04-07 22:37:14 INFO  XMLParser:32 - Prepare for parsing XML file
2017-04-07 22:37:14 INFO  XMLParser:36 - Parsing...
2017-04-07 22:37:15 INFO  XMLParser:40 - Parsing complete
2017-04-07 22:37:15 INFO  XMLParser:41 - Return unsorted expected content
2017-04-07 22:37:15 INFO  XMLParser:46 - Sorting expected content
2017-04-07 22:37:15 INFO  XMLParser:56 - Return sorted content
2017-04-07 22:37:15 INFO  Testing:59 - Setting android capabilities
2017-04-07 22:37:15 INFO  Testing:41 - Setting system properties
2017-04-07 22:37:15 INFO  Testing:96 - Start testing on Android - Chrome
2017-04-07 22:37:37 INFO  Request:19 - Create request
2017-04-07 22:37:37 INFO  Request:22 - Get request properties
2017-04-07 22:37:37 INFO  Request:45 - Get expected content as XML file
2017-04-07 22:37:37 INFO  XMLParser:32 - Prepare for parsing XML file
2017-04-07 22:37:37 INFO  XMLParser:36 - Parsing...
2017-04-07 22:37:37 INFO  XMLParser:40 - Parsing complete
2017-04-07 22:37:37 INFO  XMLParser:41 - Return unsorted expected content
2017-04-07 22:37:37 INFO  XMLParser:46 - Sorting expected content
2017-04-07 22:37:37 INFO  XMLParser:56 - Return sorted content
2017-04-07 22:37:37 INFO  Testing:59 - Setting android capabilities
2017-04-07 22:37:37 INFO  Testing:41 - Setting system properties
2017-04-07 22:37:37 INFO  Testing:96 - Start testing on Android - Chrome
2017-04-07 22:37:55 INFO  Request:19 - Create request
2017-04-07 22:37:55 INFO  Request:22 - Get request properties
2017-04-07 22:37:56 INFO  Request:45 - Get expected content as XML file
2017-04-07 22:37:56 INFO  XMLParser:32 - Prepare for parsing XML file
2017-04-07 22:37:56 INFO  XMLParser:36 - Parsing...
2017-04-07 22:37:56 INFO  XMLParser:40 - Parsing complete
2017-04-07 22:37:56 INFO  XMLParser:41 - Return unsorted expected content
2017-04-07 22:37:56 INFO  XMLParser:46 - Sorting expected content
2017-04-07 22:37:56 INFO  XMLParser:56 - Return sorted content
2017-04-07 22:37:56 INFO  Testing:59 - Setting android capabilities
2017-04-07 22:37:56 INFO  Testing:41 - Setting system properties
2017-04-07 22:37:56 INFO  Testing:96 - Start testing on Android - Chrome
2017-04-07 22:56:13 INFO  Request:19 - Create request
2017-04-07 22:56:13 INFO  Request:22 - Get request properties
2017-04-07 22:56:14 INFO  Request:45 - Get expected content as XML file
2017-04-07 22:56:14 INFO  XMLParser:32 - Prepare for parsing XML file
2017-04-07 22:56:14 INFO  XMLParser:36 - Parsing...
2017-04-07 22:56:14 INFO  XMLParser:40 - Parsing complete
2017-04-07 22:56:14 INFO  XMLParser:41 - Return unsorted expected content
2017-04-07 22:56:14 INFO  XMLParser:46 - Sorting expected content
2017-04-07 22:56:14 INFO  XMLParser:56 - Return sorted content
2017-04-07 22:56:14 INFO  Testing:59 - Setting android capabilities
2017-04-07 22:56:14 INFO  Testing:41 - Setting system properties
2017-04-07 22:56:14 INFO  Testing:96 - Start testing on Android - Chrome
2017-04-07 22:57:12 INFO  Request:19 - Create request
2017-04-07 22:57:12 INFO  Request:22 - Get request properties
2017-04-07 22:57:12 INFO  Request:45 - Get expected content as XML file
2017-04-07 22:57:13 INFO  XMLParser:32 - Prepare for parsing XML file
2017-04-07 22:57:13 INFO  XMLParser:36 - Parsing...
2017-04-07 22:57:13 INFO  XMLParser:40 - Parsing complete
2017-04-07 22:57:13 INFO  XMLParser:41 - Return unsorted expected content
2017-04-07 22:57:13 INFO  XMLParser:46 - Sorting expected content
2017-04-07 22:57:13 INFO  XMLParser:56 - Return sorted content
2017-04-07 22:57:13 INFO  Testing:59 - Setting android capabilities
2017-04-07 22:57:13 INFO  Testing:41 - Setting system properties
2017-04-07 22:57:13 INFO  Testing:96 - Start testing on Android - Chrome
2017-04-07 22:58:12 INFO  Request:19 - Create request
2017-04-07 22:58:12 INFO  Request:22 - Get request properties
2017-04-07 22:58:13 INFO  Request:45 - Get expected content as XML file
2017-04-07 22:58:13 INFO  XMLParser:32 - Prepare for parsing XML file
2017-04-07 22:58:13 INFO  XMLParser:36 - Parsing...
2017-04-07 22:58:13 INFO  XMLParser:40 - Parsing complete
2017-04-07 22:58:13 INFO  XMLParser:41 - Return unsorted expected content
2017-04-07 22:58:13 INFO  XMLParser:46 - Sorting expected content
2017-04-07 22:58:13 INFO  XMLParser:56 - Return sorted content
2017-04-07 22:58:13 INFO  Testing:59 - Setting android capabilities
2017-04-07 22:58:13 INFO  Testing:41 - Setting system properties
2017-04-07 22:58:13 INFO  Testing:96 - Start testing on Android - Chrome
2017-04-07 23:01:15 INFO  Request:19 - Create request
2017-04-07 23:01:15 INFO  Request:22 - Get request properties
2017-04-07 23:01:16 INFO  Request:45 - Get expected content as XML file
2017-04-07 23:01:16 INFO  XMLParser:32 - Prepare for parsing XML file
2017-04-07 23:01:16 INFO  XMLParser:36 - Parsing...
2017-04-07 23:01:16 INFO  XMLParser:40 - Parsing complete
2017-04-07 23:01:16 INFO  XMLParser:41 - Return unsorted expected content
2017-04-07 23:01:16 INFO  XMLParser:46 - Sorting expected content
2017-04-07 23:01:16 INFO  XMLParser:56 - Return sorted content
2017-04-07 23:01:16 INFO  Testing:59 - Setting android capabilities
2017-04-07 23:01:16 INFO  Testing:41 - Setting system properties
2017-04-07 23:01:16 INFO  Testing:96 - Start testing on Android - Chrome
2017-04-07 23:06:34 INFO  Request:19 - Create request
2017-04-07 23:06:34 INFO  Request:22 - Get request properties
2017-04-07 23:06:35 INFO  Request:45 - Get expected content as XML file
2017-04-07 23:06:35 INFO  XMLParser:32 - Prepare for parsing XML file
2017-04-07 23:06:35 INFO  XMLParser:36 - Parsing...
2017-04-07 23:06:36 INFO  XMLParser:40 - Parsing complete
2017-04-07 23:06:36 INFO  XMLParser:41 - Return unsorted expected content
2017-04-07 23:06:36 INFO  XMLParser:46 - Sorting expected content
2017-04-07 23:06:36 INFO  XMLParser:56 - Return sorted content
2017-04-07 23:06:36 INFO  Testing:59 - Setting android capabilities
2017-04-07 23:06:36 INFO  Testing:41 - Setting system properties
2017-04-07 23:06:36 INFO  Testing:96 - Start testing on Android - Chrome
2017-04-07 23:07:34 INFO  Request:19 - Create request
2017-04-07 23:07:34 INFO  Request:22 - Get request properties
2017-04-07 23:07:34 INFO  Request:45 - Get expected content as XML file
2017-04-07 23:07:34 INFO  XMLParser:32 - Prepare for parsing XML file
2017-04-07 23:07:34 INFO  XMLParser:36 - Parsing...
2017-04-07 23:07:35 INFO  XMLParser:40 - Parsing complete
2017-04-07 23:07:35 INFO  XMLParser:41 - Return unsorted expected content
2017-04-07 23:07:35 INFO  XMLParser:46 - Sorting expected content
2017-04-07 23:07:35 INFO  XMLParser:56 - Return sorted content
2017-04-07 23:07:35 INFO  Testing:59 - Setting android capabilities
2017-04-07 23:07:35 INFO  Testing:41 - Setting system properties
2017-04-07 23:07:35 INFO  Testing:96 - Start testing on Android - Chrome
2017-04-07 23:08:34 INFO  Request:19 - Create request
2017-04-07 23:08:34 INFO  Request:22 - Get request properties
2017-04-07 23:08:34 INFO  Request:45 - Get expected content as XML file
2017-04-07 23:08:34 INFO  XMLParser:32 - Prepare for parsing XML file
2017-04-07 23:08:34 INFO  XMLParser:36 - Parsing...
2017-04-07 23:08:35 INFO  XMLParser:40 - Parsing complete
2017-04-07 23:08:35 INFO  XMLParser:41 - Return unsorted expected content
2017-04-07 23:08:35 INFO  XMLParser:46 - Sorting expected content
2017-04-07 23:08:35 INFO  XMLParser:56 - Return sorted content
2017-04-07 23:08:35 INFO  Testing:59 - Setting android capabilities
2017-04-07 23:08:35 INFO  Testing:41 - Setting system properties
2017-04-07 23:08:35 INFO  Testing:96 - Start testing on Android - Chrome
2017-04-07 23:08:53 INFO  BrowserSearch:24 - Opening browser
2017-04-07 23:09:49 INFO  Request:19 - Create request
2017-04-07 23:09:49 INFO  Request:22 - Get request properties
2017-04-07 23:09:49 INFO  Request:45 - Get expected content as XML file
2017-04-07 23:09:49 INFO  XMLParser:32 - Prepare for parsing XML file
2017-04-07 23:09:49 INFO  XMLParser:36 - Parsing...
2017-04-07 23:09:49 INFO  XMLParser:40 - Parsing complete
2017-04-07 23:09:49 INFO  XMLParser:41 - Return unsorted expected content
2017-04-07 23:09:49 INFO  XMLParser:46 - Sorting expected content
2017-04-07 23:09:49 INFO  XMLParser:56 - Return sorted content
2017-04-07 23:09:49 INFO  Testing:59 - Setting android capabilities
2017-04-07 23:09:49 INFO  Testing:41 - Setting system properties
2017-04-07 23:09:49 INFO  Testing:96 - Start testing on Android - Chrome
2017-04-07 23:10:03 INFO  Request:19 - Create request
2017-04-07 23:10:03 INFO  Request:22 - Get request properties
2017-04-07 23:10:04 INFO  Request:45 - Get expected content as XML file
2017-04-07 23:10:04 INFO  XMLParser:32 - Prepare for parsing XML file
2017-04-07 23:10:04 INFO  XMLParser:36 - Parsing...
2017-04-07 23:10:04 INFO  XMLParser:40 - Parsing complete
2017-04-07 23:10:04 INFO  XMLParser:41 - Return unsorted expected content
2017-04-07 23:10:04 INFO  XMLParser:46 - Sorting expected content
2017-04-07 23:10:04 INFO  XMLParser:56 - Return sorted content
2017-04-07 23:10:04 INFO  Testing:59 - Setting android capabilities
2017-04-07 23:10:04 INFO  Testing:41 - Setting system properties
2017-04-07 23:10:04 INFO  Testing:96 - Start testing on Android - Chrome
2017-04-07 23:10:36 INFO  Request:19 - Create request
2017-04-07 23:10:36 INFO  Request:22 - Get request properties
2017-04-07 23:10:37 INFO  Request:45 - Get expected content as XML file
2017-04-07 23:10:37 INFO  XMLParser:32 - Prepare for parsing XML file
2017-04-07 23:10:37 INFO  XMLParser:36 - Parsing...
2017-04-07 23:10:37 INFO  XMLParser:40 - Parsing complete
2017-04-07 23:10:37 INFO  XMLParser:41 - Return unsorted expected content
2017-04-07 23:10:37 INFO  XMLParser:46 - Sorting expected content
2017-04-07 23:10:37 INFO  XMLParser:56 - Return sorted content
2017-04-07 23:10:37 INFO  Testing:59 - Setting android capabilities
2017-04-07 23:10:37 INFO  Testing:41 - Setting system properties
2017-04-07 23:10:37 INFO  Testing:96 - Start testing on Android - Chrome
2017-04-07 23:10:55 INFO  BrowserSearch:24 - Opening browser
2017-04-07 23:12:18 INFO  Request:19 - Create request
2017-04-07 23:12:18 INFO  Request:22 - Get request properties
2017-04-07 23:12:19 INFO  Request:45 - Get expected content as XML file
2017-04-07 23:12:19 INFO  XMLParser:32 - Prepare for parsing XML file
2017-04-07 23:12:19 INFO  XMLParser:36 - Parsing...
2017-04-07 23:12:19 INFO  XMLParser:40 - Parsing complete
2017-04-07 23:12:19 INFO  XMLParser:41 - Return unsorted expected content
2017-04-07 23:12:19 INFO  XMLParser:46 - Sorting expected content
2017-04-07 23:12:19 INFO  XMLParser:56 - Return sorted content
2017-04-07 23:12:19 INFO  Testing:59 - Setting android capabilities
2017-04-07 23:12:19 INFO  Testing:41 - Setting system properties
2017-04-07 23:12:19 INFO  Testing:96 - Start testing on Android - Chrome
2017-04-07 23:12:32 INFO  BrowserSearch:24 - Opening browser
2017-04-07 23:12:50 INFO  BrowserSearch:38 - Getting actual content
2017-04-07 23:13:39 INFO  BrowserSearch:41 - Closing browser
2017-04-07 23:13:40 INFO  BrowserSearch:103 - Start checking actual content with expected content
2017-04-07 23:13:40 INFO  BrowserSearch:113 - Complete checking actual content with expected content
2017-04-07 23:13:40 INFO  BrowserSearch:114 - Return test results
2017-04-07 23:13:50 INFO  Request:19 - Create request
2017-04-07 23:13:50 INFO  Request:22 - Get request properties
2017-04-07 23:13:51 INFO  Request:45 - Get expected content as XML file
2017-04-07 23:13:51 INFO  XMLParser:32 - Prepare for parsing XML file
2017-04-07 23:13:51 INFO  XMLParser:36 - Parsing...
2017-04-07 23:13:51 INFO  XMLParser:40 - Parsing complete
2017-04-07 23:13:51 INFO  XMLParser:41 - Return unsorted expected content
2017-04-07 23:13:51 INFO  XMLParser:46 - Sorting expected content
2017-04-07 23:13:51 INFO  XMLParser:56 - Return sorted content
2017-04-07 23:13:51 INFO  Testing:59 - Setting android capabilities
2017-04-07 23:13:51 INFO  Testing:41 - Setting system properties
2017-04-07 23:13:51 INFO  Testing:96 - Start testing on Android - Chrome
2017-04-07 23:14:44 INFO  BrowserSearch:24 - Opening browser
2017-04-07 23:15:02 INFO  BrowserSearch:38 - Getting actual content
2017-04-07 23:15:49 INFO  BrowserSearch:41 - Closing browser
2017-04-07 23:15:51 INFO  BrowserSearch:103 - Start checking actual content with expected content
2017-04-07 23:15:51 INFO  BrowserSearch:113 - Complete checking actual content with expected content
2017-04-07 23:15:51 INFO  BrowserSearch:114 - Return test results
2017-04-07 23:15:51 INFO  Testing:77 - Start testing on Chrome
2017-04-07 23:16:54 INFO  BrowserSearch:24 - Opening browser
2017-04-07 23:21:56 INFO  Testing:85 - Start testing on Firefox
2017-04-07 23:22:27 INFO  BrowserSearch:24 - Opening browser
2017-04-07 23:22:52 INFO  BrowserSearch:38 - Getting actual content
2017-04-07 23:23:00 INFO  BrowserSearch:41 - Closing browser
2017-04-07 23:23:06 INFO  BrowserSearch:103 - Start checking actual content with expected content
2017-04-07 23:23:06 INFO  BrowserSearch:113 - Complete checking actual content with expected content
2017-04-07 23:23:06 INFO  BrowserSearch:114 - Return test results
2017-04-07 23:23:06 INFO  Testing:69 - Start testing on IE
2017-04-07 23:23:33 INFO  BrowserSearch:24 - Opening browser
2017-04-07 23:24:01 INFO  BrowserSearch:38 - Getting actual content
2017-04-07 23:24:35 INFO  BrowserSearch:41 - Closing browser
2017-04-07 23:24:37 INFO  BrowserSearch:103 - Start checking actual content with expected content
2017-04-07 23:24:37 INFO  BrowserSearch:113 - Complete checking actual content with expected content
2017-04-07 23:24:37 INFO  BrowserSearch:114 - Return test results
2017-04-08 00:17:32 INFO  Request:19 - Create request
2017-04-08 00:17:32 INFO  Request:22 - Get request properties
2017-04-08 00:17:42 INFO  Request:45 - Get expected content as XML file
2017-04-08 00:17:42 INFO  XMLParser:32 - Prepare for parsing XML file
2017-04-08 00:17:42 INFO  XMLParser:36 - Parsing...
2017-04-08 00:17:43 INFO  XMLParser:40 - Parsing complete
2017-04-08 00:17:43 INFO  XMLParser:41 - Return unsorted expected content
2017-04-08 00:17:43 INFO  XMLParser:46 - Sorting expected content
2017-04-08 00:17:43 INFO  XMLParser:56 - Return sorted content
2017-04-08 00:17:43 INFO  Testing:61 - Setting android capabilities
2017-04-08 00:17:43 INFO  Testing:43 - Setting system properties
2017-04-08 00:17:43 INFO  Testing:93 - Start testing on Android - Chrome
2017-04-08 00:18:13 INFO  BrowserSearch:24 - Opening browser
2017-04-08 00:18:30 INFO  BrowserSearch:38 - Getting actual content
2017-04-08 00:19:17 INFO  BrowserSearch:41 - Closing browser
2017-04-08 00:19:19 INFO  BrowserSearch:103 - Start checking actual content with expected content
2017-04-08 00:19:19 INFO  BrowserSearch:113 - Complete checking actual content with expected content
2017-04-08 00:19:19 INFO  BrowserSearch:114 - Return test results
2017-04-08 00:22:08 INFO  Testing:82 - Start testing on IE
2017-04-08 00:22:08 INFO  BrowserSearch:24 - Opening browser
2017-04-08 00:23:02 INFO  BrowserSearch:38 - Getting actual content
2017-04-08 00:23:41 INFO  BrowserSearch:41 - Closing browser
2017-04-08 00:24:12 INFO  BrowserSearch:103 - Start checking actual content with expected content
2017-04-08 00:24:12 INFO  BrowserSearch:113 - Complete checking actual content with expected content
2017-04-08 00:24:12 INFO  BrowserSearch:114 - Return test results
2017-04-08 00:24:12 INFO  Testing:82 - Start testing on Chrome
2017-04-08 00:24:12 INFO  BrowserSearch:24 - Opening browser
2017-04-08 00:24:12 INFO  Testing:82 - Start testing on Firefox
2017-04-08 00:24:12 INFO  BrowserSearch:24 - Opening browser
2017-04-08 00:24:50 INFO  BrowserSearch:38 - Getting actual content
2017-04-08 00:24:57 INFO  BrowserSearch:41 - Closing browser
2017-04-08 00:25:00 INFO  BrowserSearch:103 - Start checking actual content with expected content
2017-04-08 00:25:00 INFO  BrowserSearch:113 - Complete checking actual content with expected content
2017-04-08 00:25:00 INFO  BrowserSearch:114 - Return test results
2017-04-08 00:34:23 INFO  Request:19 - Create request
2017-04-08 00:34:23 INFO  Request:22 - Get request properties
2017-04-08 00:34:28 INFO  Request:45 - Get expected content as XML file
2017-04-08 00:34:28 INFO  XMLParser:32 - Prepare for parsing XML file
2017-04-08 00:34:28 INFO  XMLParser:36 - Parsing...
2017-04-08 00:34:29 INFO  XMLParser:40 - Parsing complete
2017-04-08 00:34:29 INFO  XMLParser:41 - Return unsorted expected content
2017-04-08 00:34:29 INFO  XMLParser:46 - Sorting expected content
2017-04-08 00:34:29 INFO  XMLParser:56 - Return sorted content
2017-04-08 00:34:29 INFO  Testing:61 - Setting android capabilities
2017-04-08 00:34:29 INFO  Testing:43 - Setting system properties
2017-04-08 00:35:06 INFO  Testing:82 - Start testing on IE
2017-04-08 00:35:06 INFO  BrowserSearch:24 - Opening browser
2017-04-08 00:35:30 INFO  BrowserSearch:38 - Getting actual content
2017-04-08 00:36:08 INFO  BrowserSearch:41 - Closing browser
2017-04-08 00:36:12 INFO  BrowserSearch:103 - Start checking actual content with expected content
2017-04-08 00:36:12 INFO  BrowserSearch:113 - Complete checking actual content with expected content
2017-04-08 00:36:12 INFO  BrowserSearch:114 - Return test results
2017-04-08 00:36:12 INFO  Testing:82 - Start testing on Chrome
2017-04-08 00:36:12 INFO  BrowserSearch:24 - Opening browser
2017-04-08 00:40:23 INFO  BrowserSearch:38 - Getting actual content
2017-04-08 00:40:35 INFO  BrowserSearch:41 - Closing browser
2017-04-08 00:40:36 INFO  BrowserSearch:103 - Start checking actual content with expected content
2017-04-08 00:40:36 INFO  BrowserSearch:113 - Complete checking actual content with expected content
2017-04-08 00:40:36 INFO  BrowserSearch:114 - Return test results
2017-04-08 00:40:36 INFO  Testing:82 - Start testing on Firefox
2017-04-08 00:40:36 INFO  BrowserSearch:24 - Opening browser
2017-04-08 00:40:40 INFO  BrowserSearch:38 - Getting actual content
2017-04-08 00:40:48 INFO  BrowserSearch:41 - Closing browser
2017-04-08 00:40:49 INFO  BrowserSearch:103 - Start checking actual content with expected content
2017-04-08 00:40:49 INFO  BrowserSearch:113 - Complete checking actual content with expected content
2017-04-08 00:40:49 INFO  BrowserSearch:114 - Return test results
